#! /usr/bin/vvp
:ivl_version "11.0 (stable)";
:ivl_delay_selection "TYPICAL";
:vpi_time_precision + 0;
:vpi_module "/usr/lib/x86_64-linux-gnu/ivl/system.vpi";
:vpi_module "/usr/lib/x86_64-linux-gnu/ivl/vhdl_sys.vpi";
:vpi_module "/usr/lib/x86_64-linux-gnu/ivl/vhdl_textio.vpi";
:vpi_module "/usr/lib/x86_64-linux-gnu/ivl/v2005_math.vpi";
:vpi_module "/usr/lib/x86_64-linux-gnu/ivl/va_math.vpi";
:vpi_module "/usr/lib/x86_64-linux-gnu/ivl/v2009.vpi";
S_0x55ed894356e0 .scope package, "$unit" "$unit" 2 1;
 .timescale 0 0;
S_0x55ed8944a5c0 .scope module, "test" "test" 3 3;
 .timescale 0 0;
P_0x55ed8944a750 .param/l "OPCODE_L" 1 3 5, +C4<00000000000000000000000000000010>;
P_0x55ed8944a790 .param/l "OPERAND_L" 1 3 6, +C4<00000000000000000000000000100000>;
P_0x55ed8944a7d0 .param/l "RES_L" 1 3 7, +C4<00000000000000000000000000100000>;
P_0x55ed8944a810 .param/l "TOTAL_OPERATIONS" 1 3 8, +C4<00000000000000000000000000000100>;
P_0x55ed8944a850 .param/l "TOTAL_WIDTH" 1 3 9, +C4<00000000000000000000000000000010>;
v0x55ed8946f360_0 .var "Opcode", 1 0;
v0x55ed8946f470_0 .var "Operand1", 31 0;
v0x55ed8946f540_0 .var "Operand2", 31 0;
v0x55ed8946f640_0 .net "Result", 31 0, L_0x55ed8946f8d0;  1 drivers
v0x55ed8946f710_0 .var "clk", 0 0;
v0x55ed8946f800_0 .var "rst", 0 0;
S_0x55ed8940bcf0 .scope module, "dut" "Arithmetic_Unit" 3 25, 4 3 0, S_0x55ed8944a5c0;
 .timescale 0 0;
    .port_info 0 /INPUT 1 "clk";
    .port_info 1 /INPUT 1 "rst";
    .port_info 2 /INPUT 2 "Opcode";
    .port_info 3 /INPUT 32 "Operand1";
    .port_info 4 /INPUT 32 "Operand2";
    .port_info 5 /OUTPUT 32 "Result";
P_0x55ed8940d620 .param/l "OPCODE_L" 0 4 3, +C4<00000000000000000000000000000010>;
P_0x55ed8940d660 .param/l "OPERAND_L" 0 4 3, +C4<00000000000000000000000000100000>;
P_0x55ed8940d6a0 .param/l "RES_L" 0 4 3, +C4<00000000000000000000000000100000>;
L_0x55ed8946f8d0 .functor BUFZ 32, v0x55ed8946e7d0_0, C4<00000000000000000000000000000000>, C4<00000000000000000000000000000000>, C4<00000000000000000000000000000000>;
v0x55ed8940c0f0_0 .net "Opcode", 1 0, v0x55ed8946f360_0;  1 drivers
v0x55ed8946e410_0 .net "Operand1", 31 0, v0x55ed8946f470_0;  1 drivers
v0x55ed8946e4f0_0 .net "Operand2", 31 0, v0x55ed8946f540_0;  1 drivers
v0x55ed8946e5e0_0 .net "Result", 31 0, L_0x55ed8946f8d0;  alias, 1 drivers
v0x55ed8946e6c0_0 .net "clk", 0 0, v0x55ed8946f710_0;  1 drivers
v0x55ed8946e7d0_0 .var "res_ff", 31 0;
v0x55ed8946e8b0_0 .var "res_reg", 31 0;
v0x55ed8946e990_0 .net "rst", 0 0, v0x55ed8946f800_0;  1 drivers
E_0x55ed8940c8b0 .event posedge, v0x55ed8946e6c0_0;
E_0x55ed89446470 .event edge, v0x55ed8940c0f0_0, v0x55ed8946e410_0, v0x55ed8946e4f0_0;
S_0x55ed8946eb10 .scope task, "result_check" "result_check" 3 119, 3 119 0, S_0x55ed8944a5c0;
 .timescale 0 0;
v0x55ed8946ed10_0 .var "Res_expected", 31 0;
v0x55ed8946edf0_0 .var "Res_obtained", 31 0;
TD_test.result_check ;
    %load/vec4 v0x55ed8946edf0_0;
    %load/vec4 v0x55ed8946ed10_0;
    %cmp/e;
    %jmp/0xz  T_0.0, 4;
    %vpi_call/w 3 122 "$display", "CORRECT!" {0 0 0};
    %jmp T_0.1;
T_0.0 ;
    %vpi_call/w 3 124 "$display", "NOT CORRECT!" {0 0 0};
T_0.1 ;
    %end;
S_0x55ed8946eed0 .scope task, "send_instruction" "send_instruction" 3 88, 3 88 0, S_0x55ed8944a5c0;
 .timescale 0 0;
v0x55ed8946f0b0_0 .var "Operand_1", 31 0;
v0x55ed8946f190_0 .var "Operand_2", 31 0;
v0x55ed8946f270_0 .var "choice", 1 0;
TD_test.send_instruction ;
    %load/vec4 v0x55ed8946f270_0;
    %dup/vec4;
    %pushi/vec4 0, 0, 2;
    %cmp/u;
    %jmp/1 T_1.2, 6;
    %dup/vec4;
    %pushi/vec4 1, 0, 2;
    %cmp/u;
    %jmp/1 T_1.3, 6;
    %dup/vec4;
    %pushi/vec4 2, 0, 2;
    %cmp/u;
    %jmp/1 T_1.4, 6;
    %dup/vec4;
    %pushi/vec4 3, 0, 2;
    %cmp/u;
    %jmp/1 T_1.5, 6;
    %pushi/vec4 0, 0, 2;
    %store/vec4 v0x55ed8946f360_0, 0, 2;
    %pushi/vec4 0, 0, 32;
    %store/vec4 v0x55ed8946f470_0, 0, 32;
    %pushi/vec4 0, 0, 32;
    %store/vec4 v0x55ed8946f540_0, 0, 32;
    %jmp T_1.7;
T_1.2 ;
    %pushi/vec4 0, 0, 2;
    %store/vec4 v0x55ed8946f360_0, 0, 2;
    %load/vec4 v0x55ed8946f0b0_0;
    %store/vec4 v0x55ed8946f470_0, 0, 32;
    %load/vec4 v0x55ed8946f190_0;
    %store/vec4 v0x55ed8946f540_0, 0, 32;
    %jmp T_1.7;
T_1.3 ;
    %pushi/vec4 1, 0, 2;
    %store/vec4 v0x55ed8946f360_0, 0, 2;
    %load/vec4 v0x55ed8946f0b0_0;
    %store/vec4 v0x55ed8946f470_0, 0, 32;
    %load/vec4 v0x55ed8946f190_0;
    %store/vec4 v0x55ed8946f540_0, 0, 32;
    %jmp T_1.7;
T_1.4 ;
    %pushi/vec4 2, 0, 2;
    %store/vec4 v0x55ed8946f360_0, 0, 2;
    %load/vec4 v0x55ed8946f0b0_0;
    %store/vec4 v0x55ed8946f470_0, 0, 32;
    %load/vec4 v0x55ed8946f190_0;
    %store/vec4 v0x55ed8946f540_0, 0, 32;
    %jmp T_1.7;
T_1.5 ;
    %pushi/vec4 3, 0, 2;
    %store/vec4 v0x55ed8946f360_0, 0, 2;
    %load/vec4 v0x55ed8946f0b0_0;
    %store/vec4 v0x55ed8946f470_0, 0, 32;
    %load/vec4 v0x55ed8946f190_0;
    %store/vec4 v0x55ed8946f540_0, 0, 32;
    %jmp T_1.7;
T_1.7 ;
    %pop/vec4 1;
    %end;
    .scope S_0x55ed8940bcf0;
T_2 ;
    %wait E_0x55ed89446470;
    %load/vec4 v0x55ed8940c0f0_0;
    %dup/vec4;
    %pushi/vec4 0, 0, 2;
    %cmp/u;
    %jmp/1 T_2.0, 6;
    %dup/vec4;
    %pushi/vec4 1, 0, 2;
    %cmp/u;
    %jmp/1 T_2.1, 6;
    %dup/vec4;
    %pushi/vec4 2, 0, 2;
    %cmp/u;
    %jmp/1 T_2.2, 6;
    %dup/vec4;
    %pushi/vec4 3, 0, 2;
    %cmp/u;
    %jmp/1 T_2.3, 6;
    %pushi/vec4 0, 0, 32;
    %store/vec4 v0x55ed8946e8b0_0, 0, 32;
    %jmp T_2.5;
T_2.0 ;
    %load/vec4 v0x55ed8946e410_0;
    %load/vec4 v0x55ed8946e4f0_0;
    %add;
    %store/vec4 v0x55ed8946e8b0_0, 0, 32;
    %jmp T_2.5;
T_2.1 ;
    %load/vec4 v0x55ed8946e410_0;
    %load/vec4 v0x55ed8946e4f0_0;
    %sub;
    %store/vec4 v0x55ed8946e8b0_0, 0, 32;
    %jmp T_2.5;
T_2.2 ;
    %load/vec4 v0x55ed8946e410_0;
    %load/vec4 v0x55ed8946e4f0_0;
    %mul;
    %store/vec4 v0x55ed8946e8b0_0, 0, 32;
    %jmp T_2.5;
T_2.3 ;
    %load/vec4 v0x55ed8946e4f0_0;
    %cmpi/ne 0, 0, 32;
    %jmp/0xz  T_2.6, 4;
    %load/vec4 v0x55ed8946e410_0;
    %load/vec4 v0x55ed8946e4f0_0;
    %div;
    %store/vec4 v0x55ed8946e8b0_0, 0, 32;
    %jmp T_2.7;
T_2.6 ;
    %pushi/vec4 0, 0, 32;
    %store/vec4 v0x55ed8946e8b0_0, 0, 32;
T_2.7 ;
    %jmp T_2.5;
T_2.5 ;
    %pop/vec4 1;
    %jmp T_2;
    .thread T_2, $push;
    .scope S_0x55ed8940bcf0;
T_3 ;
    %wait E_0x55ed8940c8b0;
    %load/vec4 v0x55ed8946e990_0;
    %flag_set/vec4 8;
    %jmp/0xz  T_3.0, 8;
    %pushi/vec4 0, 0, 32;
    %assign/vec4 v0x55ed8946e7d0_0, 0;
    %jmp T_3.1;
T_3.0 ;
    %load/vec4 v0x55ed8946e8b0_0;
    %assign/vec4 v0x55ed8946e7d0_0, 0;
T_3.1 ;
    %jmp T_3;
    .thread T_3;
    .scope S_0x55ed8944a5c0;
T_4 ;
    %delay 5, 0;
    %load/vec4 v0x55ed8946f710_0;
    %inv;
    %store/vec4 v0x55ed8946f710_0, 0, 1;
    %jmp T_4;
    .thread T_4;
    .scope S_0x55ed8944a5c0;
T_5 ;
    %pushi/vec4 0, 0, 1;
    %store/vec4 v0x55ed8946f710_0, 0, 1;
    %pushi/vec4 0, 0, 1;
    %store/vec4 v0x55ed8946f800_0, 0, 1;
    %pushi/vec4 0, 0, 2;
    %store/vec4 v0x55ed8946f360_0, 0, 2;
    %pushi/vec4 0, 0, 32;
    %store/vec4 v0x55ed8946f470_0, 0, 32;
    %pushi/vec4 0, 0, 32;
    %store/vec4 v0x55ed8946f540_0, 0, 32;
    %end;
    .thread T_5;
    .scope S_0x55ed8944a5c0;
T_6 ;
    %delay 10, 0;
    %pushi/vec4 1, 0, 1;
    %store/vec4 v0x55ed8946f800_0, 0, 1;
    %delay 10, 0;
    %pushi/vec4 0, 0, 1;
    %store/vec4 v0x55ed8946f800_0, 0, 1;
    %end;
    .thread T_6;
    .scope S_0x55ed8944a5c0;
T_7 ;
    %vpi_call/w 3 53 "$dumpfile", "outputd/dump.vcd" {0 0 0};
    %vpi_call/w 3 54 "$dumpvars", 32'sb00000000000000000000000000000000, S_0x55ed8944a5c0 {0 0 0};
    %end;
    .thread T_7;
    .scope S_0x55ed8944a5c0;
T_8 ;
    %delay 30, 0;
    %pushi/vec4 0, 0, 2;
    %store/vec4 v0x55ed8946f270_0, 0, 2;
    %pushi/vec4 20, 0, 32;
    %store/vec4 v0x55ed8946f0b0_0, 0, 32;
    %pushi/vec4 20, 0, 32;
    %store/vec4 v0x55ed8946f190_0, 0, 32;
    %fork TD_test.send_instruction, S_0x55ed8946eed0;
    %join;
    %delay 30, 0;
    %load/vec4 v0x55ed8946f640_0;
    %store/vec4 v0x55ed8946edf0_0, 0, 32;
    %pushi/vec4 40, 0, 32;
    %store/vec4 v0x55ed8946ed10_0, 0, 32;
    %fork TD_test.result_check, S_0x55ed8946eb10;
    %join;
    %delay 30, 0;
    %pushi/vec4 1, 0, 2;
    %store/vec4 v0x55ed8946f270_0, 0, 2;
    %pushi/vec4 20, 0, 32;
    %store/vec4 v0x55ed8946f0b0_0, 0, 32;
    %pushi/vec4 20, 0, 32;
    %store/vec4 v0x55ed8946f190_0, 0, 32;
    %fork TD_test.send_instruction, S_0x55ed8946eed0;
    %join;
    %delay 30, 0;
    %load/vec4 v0x55ed8946f640_0;
    %store/vec4 v0x55ed8946edf0_0, 0, 32;
    %pushi/vec4 0, 0, 32;
    %store/vec4 v0x55ed8946ed10_0, 0, 32;
    %fork TD_test.result_check, S_0x55ed8946eb10;
    %join;
    %delay 30, 0;
    %pushi/vec4 2, 0, 2;
    %store/vec4 v0x55ed8946f270_0, 0, 2;
    %pushi/vec4 20, 0, 32;
    %store/vec4 v0x55ed8946f0b0_0, 0, 32;
    %pushi/vec4 20, 0, 32;
    %store/vec4 v0x55ed8946f190_0, 0, 32;
    %fork TD_test.send_instruction, S_0x55ed8946eed0;
    %join;
    %delay 30, 0;
    %load/vec4 v0x55ed8946f640_0;
    %store/vec4 v0x55ed8946edf0_0, 0, 32;
    %pushi/vec4 400, 0, 32;
    %store/vec4 v0x55ed8946ed10_0, 0, 32;
    %fork TD_test.result_check, S_0x55ed8946eb10;
    %join;
    %delay 30, 0;
    %pushi/vec4 3, 0, 2;
    %store/vec4 v0x55ed8946f270_0, 0, 2;
    %pushi/vec4 20, 0, 32;
    %store/vec4 v0x55ed8946f0b0_0, 0, 32;
    %pushi/vec4 20, 0, 32;
    %store/vec4 v0x55ed8946f190_0, 0, 32;
    %fork TD_test.send_instruction, S_0x55ed8946eed0;
    %join;
    %delay 30, 0;
    %load/vec4 v0x55ed8946f640_0;
    %store/vec4 v0x55ed8946edf0_0, 0, 32;
    %pushi/vec4 1, 0, 32;
    %store/vec4 v0x55ed8946ed10_0, 0, 32;
    %fork TD_test.result_check, S_0x55ed8946eb10;
    %join;
    %delay 50, 0;
    %vpi_call/w 3 85 "$finish" {0 0 0};
    %end;
    .thread T_8;
# The file index is used to find the file name in the following table.
:file_names 5;
    "N/A";
    "<interactive>";
    "-";
    "test/test.sv";
    "src/ArithmeticUnit.v";
